Determining if the pthread_create exist failed with the following output:
Change Dir: /home/wang/catkin_workspace/build/CMakeFiles/CMakeTmp

Run Build Command:"/usr/bin/make" "cmTC_7ed86/fast"
/usr/bin/make -f CMakeFiles/cmTC_7ed86.dir/build.make CMakeFiles/cmTC_7ed86.dir/build
make[1]: Entering directory '/home/wang/catkin_workspace/build/CMakeFiles/CMakeTmp'
Building C object CMakeFiles/cmTC_7ed86.dir/CheckSymbolExists.c.o
/usr/bin/cc    -o CMakeFiles/cmTC_7ed86.dir/CheckSymbolExists.c.o   -c /home/wang/catkin_workspace/build/CMakeFiles/CMakeTmp/CheckSymbolExists.c
Linking C executable cmTC_7ed86
/usr/bin/cmake -E cmake_link_script CMakeFiles/cmTC_7ed86.dir/link.txt --verbose=1
/usr/bin/cc      -rdynamic CMakeFiles/cmTC_7ed86.dir/CheckSymbolExists.c.o  -o cmTC_7ed86 
CMakeFiles/cmTC_7ed86.dir/CheckSymbolExists.c.o: In function `main':
CheckSymbolExists.c:(.text+0x1b): undefined reference to `pthread_create'
collect2: error: ld returned 1 exit status
CMakeFiles/cmTC_7ed86.dir/build.make:97: recipe for target 'cmTC_7ed86' failed
make[1]: *** [cmTC_7ed86] Error 1
make[1]: Leaving directory '/home/wang/catkin_workspace/build/CMakeFiles/CMakeTmp'
Makefile:126: recipe for target 'cmTC_7ed86/fast' failed
make: *** [cmTC_7ed86/fast] Error 2

File /home/wang/catkin_workspace/build/CMakeFiles/CMakeTmp/CheckSymbolExists.c:
/* */
#include <pthread.h>

int main(int argc, char** argv)
{
  (void)argv;
#ifndef pthread_create
  return ((int*)(&pthread_create))[argc];
#else
  (void)argc;
  return 0;
#endif
}

Determining if the function pthread_create exists in the pthreads failed with the following output:
Change Dir: /home/wang/catkin_workspace/build/CMakeFiles/CMakeTmp

Run Build Command:"/usr/bin/make" "cmTC_1caff/fast"
/usr/bin/make -f CMakeFiles/cmTC_1caff.dir/build.make CMakeFiles/cmTC_1caff.dir/build
make[1]: Entering directory '/home/wang/catkin_workspace/build/CMakeFiles/CMakeTmp'
Building C object CMakeFiles/cmTC_1caff.dir/CheckFunctionExists.c.o
/usr/bin/cc   -DCHECK_FUNCTION_EXISTS=pthread_create   -o CMakeFiles/cmTC_1caff.dir/CheckFunctionExists.c.o   -c /usr/share/cmake-3.10/Modules/CheckFunctionExists.c
Linking C executable cmTC_1caff
/usr/bin/cmake -E cmake_link_script CMakeFiles/cmTC_1caff.dir/link.txt --verbose=1
/usr/bin/cc  -DCHECK_FUNCTION_EXISTS=pthread_create    -rdynamic CMakeFiles/cmTC_1caff.dir/CheckFunctionExists.c.o  -o cmTC_1caff -lpthreads 
/usr/bin/ld: cannot find -lpthreads
collect2: error: ld returned 1 exit status
CMakeFiles/cmTC_1caff.dir/build.make:97: recipe for target 'cmTC_1caff' failed
make[1]: *** [cmTC_1caff] Error 1
make[1]: Leaving directory '/home/wang/catkin_workspace/build/CMakeFiles/CMakeTmp'
Makefile:126: recipe for target 'cmTC_1caff/fast' failed
make: *** [cmTC_1caff/fast] Error 2


